----------------------------------------------------------------
Wed Jun 29 20:39:10 IST 2016:
Booting Derby version The Apache Software Foundation - Apache Derby - 10.12.1.1 - (1704137): instance a816c00e-0155-9dac-1abc-0000037ae9a8 
on database directory memory:/Users/chrdebru/GITHUB/r2rml/testing with class loader sun.misc.Launcher$AppClassLoader@2c7b84de 
Loaded from file:/Users/chrdebru/.m2/repository/org/apache/derby/derby/10.12.1.1/derby-10.12.1.1.jar
java.vendor=Oracle Corporation
java.runtime.version=1.8.0_51-b16
user.dir=/Users/chrdebru/GITHUB/r2rml
os.name=Mac OS X
os.arch=x86_64
os.version=10.11.5
derby.system.home=null
Database Class Loader started - derby.database.classpath=''
----------------------------------------------------------------
Wed Jun 29 20:39:12 IST 2016:
Shutting down instance a816c00e-0155-9dac-1abc-0000037ae9a8 on database directory memory:/Users/chrdebru/GITHUB/r2rml/testing with class loader sun.misc.Launcher$AppClassLoader@2c7b84de 
----------------------------------------------------------------
Wed Jun 29 20:39:13 IST 2016:
Booting Derby version The Apache Software Foundation - Apache Derby - 10.12.1.1 - (1704137): instance df1940da-0155-9dac-1abc-0000037ae9a8 
on database directory memory:/Users/chrdebru/GITHUB/r2rml/testing with class loader sun.misc.Launcher$AppClassLoader@2c7b84de 
Loaded from file:/Users/chrdebru/.m2/repository/org/apache/derby/derby/10.12.1.1/derby-10.12.1.1.jar
java.vendor=Oracle Corporation
java.runtime.version=1.8.0_51-b16
user.dir=/Users/chrdebru/GITHUB/r2rml
os.name=Mac OS X
os.arch=x86_64
os.version=10.11.5
derby.system.home=null
Database Class Loader started - derby.database.classpath=''
----------------------------------------------------------------
Wed Jun 29 20:39:13 IST 2016:
Shutting down instance df1940da-0155-9dac-1abc-0000037ae9a8 on database directory memory:/Users/chrdebru/GITHUB/r2rml/testing with class loader sun.misc.Launcher$AppClassLoader@2c7b84de 
----------------------------------------------------------------
Wed Jun 29 20:39:14 IST 2016:
Booting Derby version The Apache Software Foundation - Apache Derby - 10.12.1.1 - (1704137): instance 3ebfc1a6-0155-9dac-1abc-0000037ae9a8 
on database directory memory:/Users/chrdebru/GITHUB/r2rml/testing with class loader sun.misc.Launcher$AppClassLoader@2c7b84de 
Loaded from file:/Users/chrdebru/.m2/repository/org/apache/derby/derby/10.12.1.1/derby-10.12.1.1.jar
java.vendor=Oracle Corporation
java.runtime.version=1.8.0_51-b16
user.dir=/Users/chrdebru/GITHUB/r2rml
os.name=Mac OS X
os.arch=x86_64
os.version=10.11.5
derby.system.home=null
Database Class Loader started - derby.database.classpath=''
----------------------------------------------------------------
Wed Jun 29 20:39:14 IST 2016:
Shutting down instance 3ebfc1a6-0155-9dac-1abc-0000037ae9a8 on database directory memory:/Users/chrdebru/GITHUB/r2rml/testing with class loader sun.misc.Launcher$AppClassLoader@2c7b84de 
----------------------------------------------------------------
Wed Jun 29 20:39:15 IST 2016:
Booting Derby version The Apache Software Foundation - Apache Derby - 10.12.1.1 - (1704137): instance 297dc276-0155-9dac-1abc-0000037ae9a8 
on database directory memory:/Users/chrdebru/GITHUB/r2rml/testing with class loader sun.misc.Launcher$AppClassLoader@2c7b84de 
Loaded from file:/Users/chrdebru/.m2/repository/org/apache/derby/derby/10.12.1.1/derby-10.12.1.1.jar
java.vendor=Oracle Corporation
java.runtime.version=1.8.0_51-b16
user.dir=/Users/chrdebru/GITHUB/r2rml
os.name=Mac OS X
os.arch=x86_64
os.version=10.11.5
derby.system.home=null
Database Class Loader started - derby.database.classpath=''
----------------------------------------------------------------
Wed Jun 29 20:39:15 IST 2016:
Shutting down instance 297dc276-0155-9dac-1abc-0000037ae9a8 on database directory memory:/Users/chrdebru/GITHUB/r2rml/testing with class loader sun.misc.Launcher$AppClassLoader@2c7b84de 
----------------------------------------------------------------
Wed Jun 29 20:39:15 IST 2016:
Booting Derby version The Apache Software Foundation - Apache Derby - 10.12.1.1 - (1704137): instance db384342-0155-9dac-1abc-0000037ae9a8 
on database directory memory:/Users/chrdebru/GITHUB/r2rml/testing with class loader sun.misc.Launcher$AppClassLoader@2c7b84de 
Loaded from file:/Users/chrdebru/.m2/repository/org/apache/derby/derby/10.12.1.1/derby-10.12.1.1.jar
java.vendor=Oracle Corporation
java.runtime.version=1.8.0_51-b16
user.dir=/Users/chrdebru/GITHUB/r2rml
os.name=Mac OS X
os.arch=x86_64
os.version=10.11.5
derby.system.home=null
Database Class Loader started - derby.database.classpath=''
----------------------------------------------------------------
Wed Jun 29 20:39:16 IST 2016:
Shutting down instance db384342-0155-9dac-1abc-0000037ae9a8 on database directory memory:/Users/chrdebru/GITHUB/r2rml/testing with class loader sun.misc.Launcher$AppClassLoader@2c7b84de 
----------------------------------------------------------------
Wed Jun 29 20:39:16 IST 2016:
Booting Derby version The Apache Software Foundation - Apache Derby - 10.12.1.1 - (1704137): instance b596c40e-0155-9dac-1abc-0000037ae9a8 
on database directory memory:/Users/chrdebru/GITHUB/r2rml/testing with class loader sun.misc.Launcher$AppClassLoader@2c7b84de 
Loaded from file:/Users/chrdebru/.m2/repository/org/apache/derby/derby/10.12.1.1/derby-10.12.1.1.jar
java.vendor=Oracle Corporation
java.runtime.version=1.8.0_51-b16
user.dir=/Users/chrdebru/GITHUB/r2rml
os.name=Mac OS X
os.arch=x86_64
os.version=10.11.5
derby.system.home=null
Database Class Loader started - derby.database.classpath=''
----------------------------------------------------------------
Wed Jun 29 20:39:16 IST 2016:
Shutting down instance b596c40e-0155-9dac-1abc-0000037ae9a8 on database directory memory:/Users/chrdebru/GITHUB/r2rml/testing with class loader sun.misc.Launcher$AppClassLoader@2c7b84de 
----------------------------------------------------------------
Wed Jun 29 20:39:17 IST 2016:
Booting Derby version The Apache Software Foundation - Apache Derby - 10.12.1.1 - (1704137): instance b89944da-0155-9dac-1abc-0000037ae9a8 
on database directory memory:/Users/chrdebru/GITHUB/r2rml/testing with class loader sun.misc.Launcher$AppClassLoader@2c7b84de 
Loaded from file:/Users/chrdebru/.m2/repository/org/apache/derby/derby/10.12.1.1/derby-10.12.1.1.jar
java.vendor=Oracle Corporation
java.runtime.version=1.8.0_51-b16
user.dir=/Users/chrdebru/GITHUB/r2rml
os.name=Mac OS X
os.arch=x86_64
os.version=10.11.5
derby.system.home=null
Database Class Loader started - derby.database.classpath=''
----------------------------------------------------------------
Wed Jun 29 20:39:17 IST 2016:
Shutting down instance b89944da-0155-9dac-1abc-0000037ae9a8 on database directory memory:/Users/chrdebru/GITHUB/r2rml/testing with class loader sun.misc.Launcher$AppClassLoader@2c7b84de 
----------------------------------------------------------------
Wed Jun 29 20:39:18 IST 2016:
Booting Derby version The Apache Software Foundation - Apache Derby - 10.12.1.1 - (1704137): instance e43fc5a6-0155-9dac-1abc-0000037ae9a8 
on database directory memory:/Users/chrdebru/GITHUB/r2rml/testing with class loader sun.misc.Launcher$AppClassLoader@2c7b84de 
Loaded from file:/Users/chrdebru/.m2/repository/org/apache/derby/derby/10.12.1.1/derby-10.12.1.1.jar
java.vendor=Oracle Corporation
java.runtime.version=1.8.0_51-b16
user.dir=/Users/chrdebru/GITHUB/r2rml
os.name=Mac OS X
os.arch=x86_64
os.version=10.11.5
derby.system.home=null
Database Class Loader started - derby.database.classpath=''
----------------------------------------------------------------
Wed Jun 29 20:39:18 IST 2016:
Shutting down instance e43fc5a6-0155-9dac-1abc-0000037ae9a8 on database directory memory:/Users/chrdebru/GITHUB/r2rml/testing with class loader sun.misc.Launcher$AppClassLoader@2c7b84de 
----------------------------------------------------------------
Wed Jun 29 20:39:18 IST 2016:
Booting Derby version The Apache Software Foundation - Apache Derby - 10.12.1.1 - (1704137): instance 388a4672-0155-9dac-1abc-0000037ae9a8 
on database directory memory:/Users/chrdebru/GITHUB/r2rml/testing with class loader sun.misc.Launcher$AppClassLoader@2c7b84de 
Loaded from file:/Users/chrdebru/.m2/repository/org/apache/derby/derby/10.12.1.1/derby-10.12.1.1.jar
java.vendor=Oracle Corporation
java.runtime.version=1.8.0_51-b16
user.dir=/Users/chrdebru/GITHUB/r2rml
os.name=Mac OS X
os.arch=x86_64
os.version=10.11.5
derby.system.home=null
Database Class Loader started - derby.database.classpath=''
----------------------------------------------------------------
Wed Jun 29 20:39:19 IST 2016:
Shutting down instance 388a4672-0155-9dac-1abc-0000037ae9a8 on database directory memory:/Users/chrdebru/GITHUB/r2rml/testing with class loader sun.misc.Launcher$AppClassLoader@2c7b84de 
----------------------------------------------------------------
Wed Jun 29 20:39:19 IST 2016:
Booting Derby version The Apache Software Foundation - Apache Derby - 10.12.1.1 - (1704137): instance b578c73e-0155-9dac-1abc-0000037ae9a8 
on database directory memory:/Users/chrdebru/GITHUB/r2rml/testing with class loader sun.misc.Launcher$AppClassLoader@2c7b84de 
Loaded from file:/Users/chrdebru/.m2/repository/org/apache/derby/derby/10.12.1.1/derby-10.12.1.1.jar
java.vendor=Oracle Corporation
java.runtime.version=1.8.0_51-b16
user.dir=/Users/chrdebru/GITHUB/r2rml
os.name=Mac OS X
os.arch=x86_64
os.version=10.11.5
derby.system.home=null
Database Class Loader started - derby.database.classpath=''
----------------------------------------------------------------
Wed Jun 29 20:39:19 IST 2016:
Shutting down instance b578c73e-0155-9dac-1abc-0000037ae9a8 on database directory memory:/Users/chrdebru/GITHUB/r2rml/testing with class loader sun.misc.Launcher$AppClassLoader@2c7b84de 
----------------------------------------------------------------
Wed Jun 29 20:39:20 IST 2016:
Booting Derby version The Apache Software Foundation - Apache Derby - 10.12.1.1 - (1704137): instance 5b0b480a-0155-9dac-1abc-0000037ae9a8 
on database directory memory:/Users/chrdebru/GITHUB/r2rml/testing with class loader sun.misc.Launcher$AppClassLoader@2c7b84de 
Loaded from file:/Users/chrdebru/.m2/repository/org/apache/derby/derby/10.12.1.1/derby-10.12.1.1.jar
java.vendor=Oracle Corporation
java.runtime.version=1.8.0_51-b16
user.dir=/Users/chrdebru/GITHUB/r2rml
os.name=Mac OS X
os.arch=x86_64
os.version=10.11.5
derby.system.home=null
Database Class Loader started - derby.database.classpath=''
----------------------------------------------------------------
Wed Jun 29 20:39:20 IST 2016:
Shutting down instance 5b0b480a-0155-9dac-1abc-0000037ae9a8 on database directory memory:/Users/chrdebru/GITHUB/r2rml/testing with class loader sun.misc.Launcher$AppClassLoader@2c7b84de 
----------------------------------------------------------------
Wed Jun 29 20:39:20 IST 2016:
Booting Derby version The Apache Software Foundation - Apache Derby - 10.12.1.1 - (1704137): instance 5aa2c8d3-0155-9dac-1abc-0000037ae9a8 
on database directory memory:/Users/chrdebru/GITHUB/r2rml/testing with class loader sun.misc.Launcher$AppClassLoader@2c7b84de 
Loaded from file:/Users/chrdebru/.m2/repository/org/apache/derby/derby/10.12.1.1/derby-10.12.1.1.jar
java.vendor=Oracle Corporation
java.runtime.version=1.8.0_51-b16
user.dir=/Users/chrdebru/GITHUB/r2rml
os.name=Mac OS X
os.arch=x86_64
os.version=10.11.5
derby.system.home=null
Database Class Loader started - derby.database.classpath=''
----------------------------------------------------------------
Wed Jun 29 20:39:21 IST 2016:
Shutting down instance 5aa2c8d3-0155-9dac-1abc-0000037ae9a8 on database directory memory:/Users/chrdebru/GITHUB/r2rml/testing with class loader sun.misc.Launcher$AppClassLoader@2c7b84de 
----------------------------------------------------------------
Wed Jun 29 20:39:21 IST 2016:
Booting Derby version The Apache Software Foundation - Apache Derby - 10.12.1.1 - (1704137): instance f0e4499f-0155-9dac-1abc-0000037ae9a8 
on database directory memory:/Users/chrdebru/GITHUB/r2rml/testing with class loader sun.misc.Launcher$AppClassLoader@2c7b84de 
Loaded from file:/Users/chrdebru/.m2/repository/org/apache/derby/derby/10.12.1.1/derby-10.12.1.1.jar
java.vendor=Oracle Corporation
java.runtime.version=1.8.0_51-b16
user.dir=/Users/chrdebru/GITHUB/r2rml
os.name=Mac OS X
os.arch=x86_64
os.version=10.11.5
derby.system.home=null
Database Class Loader started - derby.database.classpath=''
----------------------------------------------------------------
Wed Jun 29 20:39:21 IST 2016:
Shutting down instance f0e4499f-0155-9dac-1abc-0000037ae9a8 on database directory memory:/Users/chrdebru/GITHUB/r2rml/testing with class loader sun.misc.Launcher$AppClassLoader@2c7b84de 
----------------------------------------------------------------
Wed Jun 29 20:39:22 IST 2016:
Booting Derby version The Apache Software Foundation - Apache Derby - 10.12.1.1 - (1704137): instance afc9ca6b-0155-9dac-1abc-0000037ae9a8 
on database directory memory:/Users/chrdebru/GITHUB/r2rml/testing with class loader sun.misc.Launcher$AppClassLoader@2c7b84de 
Loaded from file:/Users/chrdebru/.m2/repository/org/apache/derby/derby/10.12.1.1/derby-10.12.1.1.jar
java.vendor=Oracle Corporation
java.runtime.version=1.8.0_51-b16
user.dir=/Users/chrdebru/GITHUB/r2rml
os.name=Mac OS X
os.arch=x86_64
os.version=10.11.5
derby.system.home=null
Database Class Loader started - derby.database.classpath=''
----------------------------------------------------------------
Wed Jun 29 20:39:22 IST 2016:
Shutting down instance afc9ca6b-0155-9dac-1abc-0000037ae9a8 on database directory memory:/Users/chrdebru/GITHUB/r2rml/testing with class loader sun.misc.Launcher$AppClassLoader@2c7b84de 
